[debug] [2023-03-23T18:08:52.832Z] ----------------------------------------------------------------------
[debug] [2023-03-23T18:08:52.833Z] Command:       /opt/homebrew/Cellar/node/19.4.0_1/bin/node /opt/homebrew/bin/firebase init
[debug] [2023-03-23T18:08:52.833Z] CLI Version:   11.25.1
[debug] [2023-03-23T18:08:52.833Z] Platform:      darwin
[debug] [2023-03-23T18:08:52.834Z] Node Version:  v19.4.0
[debug] [2023-03-23T18:08:52.834Z] Time:          Thu Mar 23 2023 23:38:52 GMT+0530 (India Standard Time)
[debug] [2023-03-23T18:08:52.834Z] ----------------------------------------------------------------------
[debug] 
[debug] [2023-03-23T18:08:52.836Z] > command requires scopes: ["email","openid","https://www.googleapis.com/auth/cloudplatformprojects.readonly","https://www.googleapis.com/auth/firebase","https://www.googleapis.com/auth/cloud-platform"]
[debug] [2023-03-23T18:08:52.836Z] > authorizing via signed-in user (karthika.rganesan@gmail.com)
[info] 
     ######## #### ########  ######## ########     ###     ######  ########
     ##        ##  ##     ## ##       ##     ##  ##   ##  ##       ##
     ######    ##  ########  ######   ########  #########  ######  ######
     ##        ##  ##    ##  ##       ##     ## ##     ##       ## ##
     ##       #### ##     ## ######## ########  ##     ##  ######  ########

You're about to initialize a Firebase project in this directory:

  /Users/karthikasrihari/AnSample

[info] 
=== Project Setup
[info] 
[info] First, let's associate this project directory with a Firebase project.
[info] You can create multiple project aliases by running firebase use --add, 
[info] but for now we'll just set up a default project.
[info] 
[debug] [2023-03-23T18:09:14.786Z] >>> [apiv2][query] GET https://firebase.googleapis.com/v1beta1/projects pageSize=100
[debug] [2023-03-23T18:09:15.850Z] <<< [apiv2][status] GET https://firebase.googleapis.com/v1beta1/projects 200
[debug] [2023-03-23T18:09:15.850Z] <<< [apiv2][body] GET https://firebase.googleapis.com/v1beta1/projects [omitted]
[info] i  Using project eship-angular (EshipWeb) 
[info] 
=== Hosting Setup
[info] 
[info] Your public directory is the folder (relative to your project directory) that
[info] will contain Hosting assets to be uploaded with firebase deploy. If you
[info] have a build process for your assets, use your build's output directory.
[info] 
[debug] [2023-03-23T18:16:33.789Z] >>> [apiv2][query] GET https://www.gstatic.com/firebasejs/releases.json [none]
[debug] [2023-03-23T18:16:33.940Z] <<< [apiv2][status] GET https://www.gstatic.com/firebasejs/releases.json 200
[debug] [2023-03-23T18:16:33.941Z] <<< [apiv2][body] GET https://www.gstatic.com/firebasejs/releases.json {"current":{"version":"9.18.0","browserURL":"https://www.gstatic.com/firebasejs/9.18.0/firebase.js","packageURL":"https://www.gstatic.com/firebasejs/9.18.0/firebase.tgz"},"live":{"version":"9.18","browserURL":"https://www.gstatic.com/firebasejs/live/9.18/firebase.js","packageURL":"https://www.gstatic.com/firebasejs/live/9.18/firebase.tgz"},"components":{"analytics":"https://www.gstatic.com/firebasejs/9.18.0/firebase-analytics.js","app":"https://www.gstatic.com/firebasejs/9.18.0/firebase-app.js","app-check":"https://www.gstatic.com/firebasejs/9.18.0/firebase-app-check.js","auth":"https://www.gstatic.com/firebasejs/9.18.0/firebase-auth.js","auth/cordova":"https://www.gstatic.com/firebasejs/9.18.0/firebase-auth/cordova.js","auth/react-native":"https://www.gstatic.com/firebasejs/9.18.0/firebase-auth/react-native.js","functions":"https://www.gstatic.com/firebasejs/9.18.0/firebase-functions.js","firestore":"https://www.gstatic.com/firebasejs/9.18.0/firebase-firestore.js","firestore/lite":"https://www.gstatic.com/firebasejs/9.18.0/firebase-firestore/lite.js","installations":"https://www.gstatic.com/firebasejs/9.18.0/firebase-installations.js","storage":"https://www.gstatic.com/firebasejs/9.18.0/firebase-storage.js","performance":"https://www.gstatic.com/firebasejs/9.18.0/firebase-performance.js","remote-config":"https://www.gstatic.com/firebasejs/9.18.0/firebase-remote-config.js","messaging":"https://www.gstatic.com/firebasejs/9.18.0/firebase-messaging.js","messaging/sw":"https://www.gstatic.com/firebasejs/9.18.0/firebase-messaging/sw.js","database":"https://www.gstatic.com/firebasejs/9.18.0/firebase-database.js","firestore.memory":"https://www.gstatic.com/firebasejs/9.18.0/firebase-firestore.memory.js"}}
[info] ✔  Wrote dist/AnSample/index.html 
[info] 
[info] i  Detected a .git folder at /Users/karthikasrihari 
[info] i  Authorizing with GitHub to upload your service account to a GitHub repository's secrets store. 
[info] 
[info] Visit this URL on this device to log in:
[info] https://github.com/login/oauth/authorize?client_id=89cf50f02ac6aaed3484&state=286744952&redirect_uri=http%3A%2F%2Flocalhost%3A9005&scope=read%3Auser%20repo%20public_repo
[info] 
[info] Waiting for authentication...
[debug] [2023-03-23T18:17:20.560Z] >>> [apiv2][query] POST https://github.com/login/oauth/access_token [none]
[debug] [2023-03-23T18:17:20.561Z] >>> [apiv2][body] POST https://github.com/login/oauth/access_token [stream]
[debug] [2023-03-23T18:17:20.926Z] <<< [apiv2][status] POST https://github.com/login/oauth/access_token 200
[debug] [2023-03-23T18:17:20.927Z] <<< [apiv2][body] POST https://github.com/login/oauth/access_token {"access_token":"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","token_type":"bearer","scope":"read:user,repo"}
[debug] [2023-03-23T18:17:20.950Z] >>> [apiv2][query] GET https://api.github.com/user [none]
[debug] [2023-03-23T18:17:21.409Z] <<< [apiv2][status] GET https://api.github.com/user 200
[debug] [2023-03-23T18:17:21.409Z] <<< [apiv2][body] GET https://api.github.com/user {"login":"Karthikasrihari","id":126689109,"node_id":"U_kgDOB40fVQ","avatar_url":"https://avatars.githubusercontent.com/u/126689109?v=4","gravatar_id":"","url":"https://api.github.com/users/Karthikasrihari","html_url":"https://github.com/Karthikasrihari","followers_url":"https://api.github.com/users/Karthikasrihari/followers","following_url":"https://api.github.com/users/Karthikasrihari/following{/other_user}","gists_url":"https://api.github.com/users/Karthikasrihari/gists{/gist_id}","starred_url":"https://api.github.com/users/Karthikasrihari/starred{/owner}{/repo}","subscriptions_url":"https://api.github.com/users/Karthikasrihari/subscriptions","organizations_url":"https://api.github.com/users/Karthikasrihari/orgs","repos_url":"https://api.github.com/users/Karthikasrihari/repos","events_url":"https://api.github.com/users/Karthikasrihari/events{/privacy}","received_events_url":"https://api.github.com/users/Karthikasrihari/received_events","type":"User","site_admin":false,"name":null,"company":null,"blog":"","location":null,"email":null,"hireable":null,"bio":null,"twitter_username":null,"public_repos":1,"public_gists":0,"followers":0,"following":0,"created_at":"2023-03-01T14:18:35Z","updated_at":"2023-03-23T17:51:49Z","private_gists":0,"total_private_repos":1,"owned_private_repos":1,"disk_usage":0,"collaborators":0,"two_factor_authentication":false,"plan":{"name":"free","space":976562499,"collaborators":0,"private_repos":10000}}
[info] 
[info] ✔  Success! Logged into GitHub as Karthikasrihari 
[info] 
